Command line:
"travis"


  ________                                 __
 /        |                               /  |
 ########/ ______    ______    __     __  ##/    _______
    ## |  /      \  /      \  /  \   /  | /  |  /       |
    ## | /######  | ######  | ##  \ /##/  ## | /#######/
    ## | ## |  ##/  /    ## |  ##  /##/   ## | ##      \
    ## | ## |      /####### |   ## ##/    ## |  ######  |
    ## | ## |      ##    ## |    ###/     ## | /     ##/
    ##/  ##/        #######/      #/      ##/  #######/

    TRajectory Analyzer and VISualizer  -  Open-source free software under GNU GPL v3

    Copyright (c) Martin Brehm      (2009-2021), University of Halle (Saale)
                  Martin Thomas     (2012-2021)
                  Sascha Gehrke     (2016-2021), University of Bonn
                  Barbara Kirchner  (2009-2021), University of Bonn

    http://www.travis-analyzer.de

    Please cite: J. Chem. Phys. 2020, 152 (16), 164105.         (DOI 10.1063/5.0005078 )
                 J. Chem. Inf. Model. 2011, 51 (8), 2007-2023.  (DOI 10.1021/ci200217w )

    There is absolutely no warranty on any results obtained from TRAVIS.

 #  Running on dimitra-manjaro-desktop at Fri Dec 10 13:52:47 2021 (PID 20603)
 #  Running in /home/ddeliopoulos/Code/IdeaProjects/garden-journal-backend
 #  Version: May 21 2021, built at Dec 10 2021, 17:44:22, compiler "11.1.0", GCC 11.1.0
 #  Target platform: Linux, __cplusplus=201402L, Compile flags: NEW_CHARGEVAR DEBUG_ARRAYS 
 #  Machine: x86_64, int=4b, long=8b, addr=8b, 0xA0B0C0D0=D0,C0,B0,A0.
 #  Home: /home/ddeliopoulos,  Executable: /usr/bin/travis
 #  Input from terminal,  Output to terminal

    >>> Please use a color scheme with dark background or specify "-nocolor"! <<<

    Loading configuration from /home/ddeliopoulos/.travis.conf ...

[Renaming existing File input.txt to #11#input.txt ...OK.]
    No trajectory file specified.
    Please use the "-p" flag to specify an input trajectory in the command line.

    Enter the file name of the trajectory file to open: [Quit] 

*** SIGINT caught: Hard interrupt by user ***
Stopping execution.
Decoding line numbers... ("addr2line <addr> -f -i -C -e /usr/bin/travis")
 # 13 - [0x55afeecc9d7b] - ?? - ??:0 
 # 12 - [0x55afeecca5a2] - ?? - ??:0 
 # 11 - [0x55afeecca67d] - ?? - ??:0 
 # 10 - [0x7ff087b5dda0] - ?? - ??:0 
 #  9 - [0x7ff087c10860] - ?? - ??:0 
 #  8 - [0x7ff087ba2c14] - ?? - ??:0 
 #  7 - [0x7ff087ba3e66] - ?? - ??:0 
 #  6 - [0x7ff087b96f2c] - ?? - ??:0 
 #  5 - [0x7ff087b95e8a] - ?? - ??:0 
 #  4 - [0x55afeef73065] - ?? - ??:0 
 #  3 - [0x55afeec79139] - ?? - ??:0 
 #  2 - [0x7ff087b48b25] - ?? - ??:0 
 #  1 - [0x55afeecaaede] - ?? - ??:0 
Delivering control to operating system.
